2024-11-25T11:22:15.393+01:00  INFO 20148 --- [Auto-Shop] [main] d.charles.Auto_Shop.AutoShopApplication  : Starting AutoShopApplication using Java 23.0.1 with PID 20148 (C:\Users\ETC\Desktop\Mag_portfolio\Auto-Shop\target\classes started by ETC in C:\Users\ETC\Desktop\Mag_portfolio\Auto-Shop)
2024-11-25T11:22:15.398+01:00  INFO 20148 --- [Auto-Shop] [main] d.charles.Auto_Shop.AutoShopApplication  : No active profile set, falling back to 1 default profile: "default"
2024-11-25T11:22:17.662+01:00  INFO 20148 --- [Auto-Shop] [main] .s.d.r.c.RepositoryConfigurationDelegate : Bootstrapping Spring Data JPA repositories in DEFAULT mode.
2024-11-25T11:22:17.725+01:00  INFO 20148 --- [Auto-Shop] [main] .s.d.r.c.RepositoryConfigurationDelegate : Finished Spring Data repository scanning in 35 ms. Found 0 JPA repository interfaces.
2024-11-25T11:22:19.819+01:00  INFO 20148 --- [Auto-Shop] [main] o.s.b.w.embedded.tomcat.TomcatWebServer  : Tomcat initialized with port 8282 (http)
2024-11-25T11:22:19.857+01:00  INFO 20148 --- [Auto-Shop] [main] o.apache.catalina.core.StandardService   : Starting service [Tomcat]
2024-11-25T11:22:19.858+01:00  INFO 20148 --- [Auto-Shop] [main] o.apache.catalina.core.StandardEngine    : Starting Servlet engine: [Apache Tomcat/10.1.33]
2024-11-25T11:22:20.019+01:00  INFO 20148 --- [Auto-Shop] [main] o.a.c.c.C.[Tomcat].[localhost].[/]       : Initializing Spring embedded WebApplicationContext
2024-11-25T11:22:20.027+01:00  INFO 20148 --- [Auto-Shop] [main] w.s.c.ServletWebServerApplicationContext : Root WebApplicationContext: initialization completed in 4371 ms
2024-11-25T11:22:21.028+01:00  INFO 20148 --- [Auto-Shop] [main] o.hibernate.jpa.internal.util.LogHelper  : HHH000204: Processing PersistenceUnitInfo [name: default]
2024-11-25T11:22:21.191+01:00  INFO 20148 --- [Auto-Shop] [main] org.hibernate.Version                    : HHH000412: Hibernate ORM core version 6.6.2.Final
2024-11-25T11:22:21.375+01:00  INFO 20148 --- [Auto-Shop] [main] o.h.c.internal.RegionFactoryInitiator    : HHH000026: Second-level cache disabled
2024-11-25T11:22:22.185+01:00  INFO 20148 --- [Auto-Shop] [main] o.s.o.j.p.SpringPersistenceUnitInfo      : No LoadTimeWeaver setup: ignoring JPA class transformer
2024-11-25T11:22:22.268+01:00  INFO 20148 --- [Auto-Shop] [main] com.zaxxer.hikari.HikariDataSource       : HikariPool-1 - Starting...
2024-11-25T11:22:22.790+01:00  INFO 20148 --- [Auto-Shop] [main] com.zaxxer.hikari.pool.HikariPool        : HikariPool-1 - Added connection org.postgresql.jdbc.PgConnection@1e7cfd49
2024-11-25T11:22:22.795+01:00  INFO 20148 --- [Auto-Shop] [main] com.zaxxer.hikari.HikariDataSource       : HikariPool-1 - Start completed.
2024-11-25T11:22:22.883+01:00  WARN 20148 --- [Auto-Shop] [main] org.hibernate.orm.deprecation            : HHH90000025: PostgreSQLDialect does not need to be specified explicitly using 'hibernate.dialect' (remove the property setting and it will be selected by default)
2024-11-25T11:22:22.946+01:00  INFO 20148 --- [Auto-Shop] [main] org.hibernate.orm.connections.pooling    : HHH10001005: Database info:
	Database JDBC URL [Connecting through datasource 'HikariDataSource (HikariPool-1)']
	Database driver: undefined/unknown
	Database version: 16.3
	Autocommit mode: undefined/unknown
	Isolation level: undefined/unknown
	Minimum pool size: undefined/unknown
	Maximum pool size: undefined/unknown
2024-11-25T11:22:25.822+01:00  INFO 20148 --- [Auto-Shop] [main] o.h.e.t.j.p.i.JtaPlatformInitiator       : HHH000489: No JTA platform available (set 'hibernate.transaction.jta.platform' to enable JTA platform integration)
2024-11-25T11:22:26.111+01:00  INFO 20148 --- [Auto-Shop] [main] j.LocalContainerEntityManagerFactoryBean : Initialized JPA EntityManagerFactory for persistence unit 'default'
2024-11-25T11:22:28.298+01:00  INFO 20148 --- [Auto-Shop] [main] o.s.b.a.e.web.EndpointLinksResolver      : Exposing 3 endpoints beneath base path '/actuator'
2024-11-25T11:22:28.524+01:00  INFO 20148 --- [Auto-Shop] [main] o.s.b.w.embedded.tomcat.TomcatWebServer  : Tomcat started on port 8282 (http) with context path '/'
2024-11-25T11:22:28.572+01:00  INFO 20148 --- [Auto-Shop] [main] d.charles.Auto_Shop.AutoShopApplication  : Started AutoShopApplication in 14.252 seconds (process running for 17.218)
2024-11-25T11:33:14.889+01:00  INFO 20148 --- [Auto-Shop] [SpringApplicationShutdownHook] o.s.b.w.e.tomcat.GracefulShutdown        : Commencing graceful shutdown. Waiting for active requests to complete
2024-11-25T11:33:14.913+01:00  INFO 20148 --- [Auto-Shop] [tomcat-shutdown] o.s.b.w.e.tomcat.GracefulShutdown        : Graceful shutdown complete
2024-11-25T11:33:14.921+01:00  INFO 20148 --- [Auto-Shop] [SpringApplicationShutdownHook] j.LocalContainerEntityManagerFactoryBean : Closing JPA EntityManagerFactory for persistence unit 'default'
2024-11-25T11:33:14.921+01:00  INFO 20148 --- [Auto-Shop] [SpringApplicationShutdownHook] com.zaxxer.hikari.HikariDataSource       : HikariPool-1 - Shutdown initiated...
2024-11-25T11:33:14.938+01:00  INFO 20148 --- [Auto-Shop] [SpringApplicationShutdownHook] com.zaxxer.hikari.HikariDataSource       : HikariPool-1 - Shutdown completed.
